<?xml version="1.0" encoding="UTF-8"?>
<testsuite name="TestSuite" time="10.218" tests="3" errors="0" skipped="1" failures="0">
  <properties>
    <property name="java.runtime.name" value="Java(TM) SE Runtime Environment"/>
    <property name="sun.boot.library.path" value="C:\Program Files\Java\jdk1.8.0_144\jre\bin"/>
    <property name="java.vm.version" value="25.144-b01"/>
    <property name="java.vm.vendor" value="Oracle Corporation"/>
    <property name="maven.multiModuleProjectDirectory" value="C:\Users\mmahran\.jenkins\workspace\AutomationPractice"/>
    <property name="java.vendor.url" value="http://java.oracle.com/"/>
    <property name="path.separator" value=";"/>
    <property name="guice.disable.misplaced.annotation.check" value="true"/>
    <property name="java.vm.name" value="Java HotSpot(TM) 64-Bit Server VM"/>
    <property name="file.encoding.pkg" value="sun.io"/>
    <property name="user.script" value=""/>
    <property name="user.country" value="US"/>
    <property name="sun.java.launcher" value="SUN_STANDARD"/>
    <property name="sun.os.patch.level" value=""/>
    <property name="java.vm.specification.name" value="Java Virtual Machine Specification"/>
    <property name="user.dir" value="C:\Users\mmahran\.jenkins\workspace\AutomationPractice"/>
    <property name="java.runtime.version" value="1.8.0_144-b01"/>
    <property name="java.awt.graphicsenv" value="sun.awt.Win32GraphicsEnvironment"/>
    <property name="java.endorsed.dirs" value="C:\Program Files\Java\jdk1.8.0_144\jre\lib\endorsed"/>
    <property name="os.arch" value="amd64"/>
    <property name="java.io.tmpdir" value="C:\Users\mmahran\AppData\Local\Temp\"/>
    <property name="line.separator" value="&#10;"/>
    <property name="java.vm.specification.vendor" value="Oracle Corporation"/>
    <property name="user.variant" value=""/>
    <property name="os.name" value="Windows 10"/>
    <property name="classworlds.conf" value="C:\Users\mmahran\.jenkins\workspace\automation-practice\Task1\.metadata\.plugins\org.eclipse.m2e.launching\launches\m2conf6160104698930355894.tmp"/>
    <property name="sun.jnu.encoding" value="Cp1252"/>
    <property name="java.library.path" value="C:\Program Files\Java\jdk1.8.0_144\bin;C:\WINDOWS\Sun\Java\bin;C:\WINDOWS\system32;C:\WINDOWS;C:/Program Files/Java/jre1.8.0_221/bin/server;C:/Program Files/Java/jre1.8.0_221/bin;C:/Program Files/Java/jre1.8.0_221/lib/amd64;C:\Program Files (x86)\Common Files\Oracle\Java\javapath;C:\Program Files (x86)\Microsoft SDKs\Azure\CLI2\wbin;%ANDROID_HOME%\tools\bin;%ANDROID_HOME%\tools;%ANDROID_HOME%\platform-tools;C:\Program Files\nodejs;C:\Program Files\Microsoft MPI\Bin\;C:\Drivers\;C:\WINDOWS\system32;C:\WINDOWS;C:\WINDOWS\System32\Wbem;C:\WINDOWS\System32\WindowsPowerShell\v1.0\;C:\Program Files (x86)\Microsoft SQL Server\130\Tools\Binn\;C:\Program Files\Microsoft SQL Server\130\Tools\Binn\;C:\Program Files\Microsoft SQL Server\130\DTS\Binn\;C:\Program Files\Microsoft SQL Server\Client SDK\ODBC\130\Tools\Binn\;C:\Users\mmahran\.dnx\bin;C:\Program Files\Microsoft DNX\Dnvm\;C:\Program Files\Microsoft SQL Server\120\Tools\Binn\;C:\Program Files\Git\cmd;C:\Program Files (x86)\Git\cmd;C:\Program Files (x86)\GitExtensions\;C:\Program Files\Microsoft SQL Server\120\DTS\Binn\;C:\Program Files\Microsoft SQL Server\Client SDK\ODBC\110\Tools\Binn\;C:\Program Files (x86)\Microsoft SQL Server\120\Tools\Binn\;C:\Program Files (x86)\Microsoft SQL Server\120\Tools\Binn\ManagementStudio\;C:\Program Files (x86)\Microsoft SQL Server\120\DTS\Binn\;C:\Program Files\Microsoft\Web Platform Installer\;C:\WINDOWS\System32\OpenSSH\;C:\Program Files\dotnet\;%MAVEN_HOME%\bin;C:\Program Files\Java\jdk1.8.0_144\bin;C:\Program Files (x86)\Microsoft VS Code\bin;C:\Users\mmahran\AppData\Roaming\npm\tsc;C:\Program Files\nodejs\node_modules\npm\bin;C:\eclipse\apache-maven-3.6.1\bin;C:\Users\mmahran\AppData\Local\Microsoft\WindowsApps;C:\Program Files (x86)\Microsoft VS Code\bin;C:\Users\mmahran\AppData\Roaming\npm;;C:\My Personal Documents\sources\eclipse;;."/>
    <property name="java.specification.name" value="Java Platform API Specification"/>
    <property name="java.class.version" value="52.0"/>
    <property name="sun.management.compiler" value="HotSpot 64-Bit Tiered Compilers"/>
    <property name="os.version" value="10.0"/>
    <property name="user.home" value="C:\Users\mmahran"/>
    <property name="user.timezone" value="Africa/Cairo"/>
    <property name="java.awt.printerjob" value="sun.awt.windows.WPrinterJob"/>
    <property name="java.specification.version" value="1.8"/>
    <property name="file.encoding" value="Cp1252"/>
    <property name="user.name" value="MMahran"/>
    <property name="java.class.path" value="/C:/My Personal Documents/sources/eclipse/plugins/org.eclipse.m2e.maven.runtime_1.6.2.20150902-0001/jars/plexus-classworlds-2.5.2.jar"/>
    <property name="java.vm.specification.version" value="1.8"/>
    <property name="sun.arch.data.model" value="64"/>
    <property name="java.home" value="C:\Program Files\Java\jdk1.8.0_144\jre"/>
    <property name="sun.java.command" value="org.codehaus.plexus.classworlds.launcher.Launcher -B test"/>
    <property name="java.specification.vendor" value="Oracle Corporation"/>
    <property name="user.language" value="en"/>
    <property name="awt.toolkit" value="sun.awt.windows.WToolkit"/>
    <property name="java.vm.info" value="mixed mode"/>
    <property name="java.version" value="1.8.0_144"/>
    <property name="java.ext.dirs" value="C:\Program Files\Java\jdk1.8.0_144\jre\lib\ext;C:\WINDOWS\Sun\Java\lib\ext"/>
    <property name="sun.boot.class.path" value="C:\Program Files\Java\jdk1.8.0_144\jre\lib\resources.jar;C:\Program Files\Java\jdk1.8.0_144\jre\lib\rt.jar;C:\Program Files\Java\jdk1.8.0_144\jre\lib\sunrsasign.jar;C:\Program Files\Java\jdk1.8.0_144\jre\lib\jsse.jar;C:\Program Files\Java\jdk1.8.0_144\jre\lib\jce.jar;C:\Program Files\Java\jdk1.8.0_144\jre\lib\charsets.jar;C:\Program Files\Java\jdk1.8.0_144\jre\lib\jfr.jar;C:\Program Files\Java\jdk1.8.0_144\jre\classes"/>
    <property name="java.vendor" value="Oracle Corporation"/>
    <property name="maven.home" value="C:\Users\mmahran\.jenkins\workspace\AutomationPractice\EMBEDDED"/>
    <property name="file.separator" value="\"/>
    <property name="java.vendor.url.bug" value="http://bugreport.sun.com/bugreport/"/>
    <property name="sun.cpu.endian" value="little"/>
    <property name="sun.io.unicode.encoding" value="UnicodeLittle"/>
    <property name="sun.desktop" value="windows"/>
    <property name="sun.cpu.isalist" value="amd64"/>
  </properties>
  <testcase name="validateCheckoutProcess" classname="tests.CheckOutTests" time="10.218"/>
  <testcase name="validateCheckoutProcess" classname="tests.CheckOutTests" time="10.08"/>
  <testcase name="testCountsOfProductListForEachMainProduct" classname="tests.MenuTests" time="0">
    <skipped/>
    <system-out><![CDATA[06-15-2020 00:15:29 RequestAddCookies.java DEBUG [Forwarding quit on session 888e526d14c58fc348a5ac534ebe0860 to remote] protocol.RequestAddCookies 123 - CookieSpec selected: default
06-15-2020 00:15:29 RequestAuthCache.java DEBUG [Forwarding quit on session 888e526d14c58fc348a5ac534ebe0860 to remote] protocol.RequestAuthCache 77 - Auth cache not set in the context
06-15-2020 00:15:29 PoolingHttpClientConnectionManager.java DEBUG [Forwarding quit on session 888e526d14c58fc348a5ac534ebe0860 to remote] conn.PoolingHttpClientConnectionManager 255 - Connection request: [route: {}->http://localhost:21755][total kept alive: 1; route allocated: 1 of 2000; total allocated: 1 of 2000]
06-15-2020 00:15:29 PoolingHttpClientConnectionManager.java DEBUG [Forwarding quit on session 888e526d14c58fc348a5ac534ebe0860 to remote] conn.PoolingHttpClientConnectionManager 288 - Connection leased: [id: 0][route: {}->http://localhost:21755][total kept alive: 0; route allocated: 1 of 2000; total allocated: 1 of 2000]
06-15-2020 00:15:29 MainClientExec.java DEBUG [Forwarding quit on session 888e526d14c58fc348a5ac534ebe0860 to remote] execchain.MainClientExec 208 - Stale connection check
06-15-2020 00:15:29 Wire.java DEBUG [Forwarding quit on session 888e526d14c58fc348a5ac534ebe0860 to remote] http.wire 87 - http-outgoing-0 << "[read] I/O error: Read timed out"
06-15-2020 00:15:29 LoggingManagedHttpClientConnection.java DEBUG [Forwarding quit on session 888e526d14c58fc348a5ac534ebe0860 to remote] conn.DefaultManagedHttpClientConnection 88 - http-outgoing-0: set socket timeout to 10800000
06-15-2020 00:15:29 MainClientExec.java DEBUG [Forwarding quit on session 888e526d14c58fc348a5ac534ebe0860 to remote] execchain.MainClientExec 256 - Executing request DELETE /session/888e526d14c58fc348a5ac534ebe0860 HTTP/1.1
06-15-2020 00:15:29 MainClientExec.java DEBUG [Forwarding quit on session 888e526d14c58fc348a5ac534ebe0860 to remote] execchain.MainClientExec 261 - Target auth state: UNCHALLENGED
06-15-2020 00:15:29 MainClientExec.java DEBUG [Forwarding quit on session 888e526d14c58fc348a5ac534ebe0860 to remote] execchain.MainClientExec 267 - Proxy auth state: UNCHALLENGED
06-15-2020 00:15:29 LoggingManagedHttpClientConnection.java DEBUG [Forwarding quit on session 888e526d14c58fc348a5ac534ebe0860 to remote] http.headers 133 - http-outgoing-0 >> DELETE /session/888e526d14c58fc348a5ac534ebe0860 HTTP/1.1
06-15-2020 00:15:29 LoggingManagedHttpClientConnection.java DEBUG [Forwarding quit on session 888e526d14c58fc348a5ac534ebe0860 to remote] http.headers 136 - http-outgoing-0 >> Host: localhost:21755
06-15-2020 00:15:29 LoggingManagedHttpClientConnection.java DEBUG [Forwarding quit on session 888e526d14c58fc348a5ac534ebe0860 to remote] http.headers 136 - http-outgoing-0 >> Connection: Keep-Alive
06-15-2020 00:15:29 LoggingManagedHttpClientConnection.java DEBUG [Forwarding quit on session 888e526d14c58fc348a5ac534ebe0860 to remote] http.headers 136 - http-outgoing-0 >> User-Agent: Apache-HttpClient/4.5.3 (Java/1.8.0_144)
06-15-2020 00:15:29 LoggingManagedHttpClientConnection.java DEBUG [Forwarding quit on session 888e526d14c58fc348a5ac534ebe0860 to remote] http.headers 136 - http-outgoing-0 >> Accept-Encoding: gzip,deflate
06-15-2020 00:15:29 Wire.java DEBUG [Forwarding quit on session 888e526d14c58fc348a5ac534ebe0860 to remote] http.wire 73 - http-outgoing-0 >> "DELETE /session/888e526d14c58fc348a5ac534ebe0860 HTTP/1.1[\r][\n]"
06-15-2020 00:15:29 Wire.java DEBUG [Forwarding quit on session 888e526d14c58fc348a5ac534ebe0860 to remote] http.wire 73 - http-outgoing-0 >> "Host: localhost:21755[\r][\n]"
06-15-2020 00:15:29 Wire.java DEBUG [Forwarding quit on session 888e526d14c58fc348a5ac534ebe0860 to remote] http.wire 73 - http-outgoing-0 >> "Connection: Keep-Alive[\r][\n]"
06-15-2020 00:15:29 Wire.java DEBUG [Forwarding quit on session 888e526d14c58fc348a5ac534ebe0860 to remote] http.wire 73 - http-outgoing-0 >> "User-Agent: Apache-HttpClient/4.5.3 (Java/1.8.0_144)[\r][\n]"
06-15-2020 00:15:29 Wire.java DEBUG [Forwarding quit on session 888e526d14c58fc348a5ac534ebe0860 to remote] http.wire 73 - http-outgoing-0 >> "Accept-Encoding: gzip,deflate[\r][\n]"
06-15-2020 00:15:29 Wire.java DEBUG [Forwarding quit on session 888e526d14c58fc348a5ac534ebe0860 to remote] http.wire 73 - http-outgoing-0 >> "[\r][\n]"
06-15-2020 00:15:29 Wire.java DEBUG [Forwarding quit on session 888e526d14c58fc348a5ac534ebe0860 to remote] http.wire 73 - http-outgoing-0 << "HTTP/1.1 200 OK[\r][\n]"
06-15-2020 00:15:29 Wire.java DEBUG [Forwarding quit on session 888e526d14c58fc348a5ac534ebe0860 to remote] http.wire 73 - http-outgoing-0 << "Content-Length:14[\r][\n]"
06-15-2020 00:15:29 Wire.java DEBUG [Forwarding quit on session 888e526d14c58fc348a5ac534ebe0860 to remote] http.wire 73 - http-outgoing-0 << "Content-Type:application/json; charset=utf-8[\r][\n]"
06-15-2020 00:15:29 Wire.java DEBUG [Forwarding quit on session 888e526d14c58fc348a5ac534ebe0860 to remote] http.wire 73 - http-outgoing-0 << "cache-control:no-cache[\r][\n]"
06-15-2020 00:15:29 Wire.java DEBUG [Forwarding quit on session 888e526d14c58fc348a5ac534ebe0860 to remote] http.wire 73 - http-outgoing-0 << "[\r][\n]"
06-15-2020 00:15:29 Wire.java DEBUG [Forwarding quit on session 888e526d14c58fc348a5ac534ebe0860 to remote] http.wire 87 - http-outgoing-0 << "{"value":null}"
06-15-2020 00:15:29 LoggingManagedHttpClientConnection.java DEBUG [Forwarding quit on session 888e526d14c58fc348a5ac534ebe0860 to remote] http.headers 122 - http-outgoing-0 << HTTP/1.1 200 OK
06-15-2020 00:15:29 LoggingManagedHttpClientConnection.java DEBUG [Forwarding quit on session 888e526d14c58fc348a5ac534ebe0860 to remote] http.headers 125 - http-outgoing-0 << Content-Length:14
06-15-2020 00:15:29 LoggingManagedHttpClientConnection.java DEBUG [Forwarding quit on session 888e526d14c58fc348a5ac534ebe0860 to remote] http.headers 125 - http-outgoing-0 << Content-Type:application/json; charset=utf-8
06-15-2020 00:15:29 LoggingManagedHttpClientConnection.java DEBUG [Forwarding quit on session 888e526d14c58fc348a5ac534ebe0860 to remote] http.headers 125 - http-outgoing-0 << cache-control:no-cache
06-15-2020 00:15:29 MainClientExec.java DEBUG [Forwarding quit on session 888e526d14c58fc348a5ac534ebe0860 to remote] execchain.MainClientExec 285 - Connection can be kept alive indefinitely
06-15-2020 00:15:29 PoolingHttpClientConnectionManager.java DEBUG [Forwarding quit on session 888e526d14c58fc348a5ac534ebe0860 to remote] conn.PoolingHttpClientConnectionManager 320 - Connection [id: 0][route: {}->http://localhost:21755] can be kept alive indefinitely
06-15-2020 00:15:29 PoolingHttpClientConnectionManager.java DEBUG [Forwarding quit on session 888e526d14c58fc348a5ac534ebe0860 to remote] conn.PoolingHttpClientConnectionManager 326 - Connection released: [id: 0][route: {}->http://localhost:21755][total kept alive: 1; route allocated: 1 of 2000; total allocated: 1 of 2000]
06-15-2020 00:15:29 PoolingHttpClientConnectionManager.java DEBUG [Forwarding quit on session 888e526d14c58fc348a5ac534ebe0860 to remote] conn.PoolingHttpClientConnectionManager 407 - Closing connections idle longer than 0 SECONDS
06-15-2020 00:15:29 LoggingManagedHttpClientConnection.java DEBUG [Forwarding quit on session 888e526d14c58fc348a5ac534ebe0860 to remote] conn.DefaultManagedHttpClientConnection 79 - http-outgoing-0: Close connection
06-15-2020 00:15:30 _Log4jLoggerFactory.java DEBUG [main] freemarker.cache 45 - Couldn't find template in cache for "index.ftl"("en", UTF-8, parsed); will try to load it.
06-15-2020 00:15:30 _Log4jLoggerFactory.java DEBUG [main] freemarker.cache 45 - TemplateLoader.findTemplateSource("index_en.ftl"): Not found
06-15-2020 00:15:30 _Log4jLoggerFactory.java DEBUG [main] freemarker.cache 45 - TemplateLoader.findTemplateSource("index.ftl"): Found
06-15-2020 00:15:30 _Log4jLoggerFactory.java DEBUG [main] freemarker.cache 45 - Loading template for "index.ftl"("en", UTF-8, parsed) from "jar:file:/C:/Users/mmahran/.m2/repository/com/aventstack/extentreports/3.1.5/extentreports-3.1.5.jar!/com/aventstack/extentreports/view/html-report/index.ftl"
06-15-2020 00:15:30 _Log4jLoggerFactory.java DEBUG [main] freemarker.cache 45 - Couldn't find template in cache for "head.ftl"("en", UTF-8, parsed); will try to load it.
06-15-2020 00:15:30 _Log4jLoggerFactory.java DEBUG [main] freemarker.cache 45 - TemplateLoader.findTemplateSource("head_en.ftl"): Not found
06-15-2020 00:15:30 _Log4jLoggerFactory.java DEBUG [main] freemarker.cache 45 - TemplateLoader.findTemplateSource("head.ftl"): Found
06-15-2020 00:15:30 _Log4jLoggerFactory.java DEBUG [main] freemarker.cache 45 - Loading template for "head.ftl"("en", UTF-8, parsed) from "jar:file:/C:/Users/mmahran/.m2/repository/com/aventstack/extentreports/3.1.5/extentreports-3.1.5.jar!/com/aventstack/extentreports/view/html-report/head.ftl"
06-15-2020 00:15:30 _Log4jLoggerFactory.java DEBUG [main] freemarker.cache 45 - Couldn't find template in cache for "nav.ftl"("en", UTF-8, parsed); will try to load it.
06-15-2020 00:15:30 _Log4jLoggerFactory.java DEBUG [main] freemarker.cache 45 - TemplateLoader.findTemplateSource("nav_en.ftl"): Not found
06-15-2020 00:15:30 _Log4jLoggerFactory.java DEBUG [main] freemarker.cache 45 - TemplateLoader.findTemplateSource("nav.ftl"): Found
06-15-2020 00:15:30 _Log4jLoggerFactory.java DEBUG [main] freemarker.cache 45 - Loading template for "nav.ftl"("en", UTF-8, parsed) from "jar:file:/C:/Users/mmahran/.m2/repository/com/aventstack/extentreports/3.1.5/extentreports-3.1.5.jar!/com/aventstack/extentreports/view/html-report/nav.ftl"
06-15-2020 00:15:30 _Log4jLoggerFactory.java DEBUG [main] freemarker.cache 45 - Couldn't find template in cache for "test-view/test-view.ftl"("en", UTF-8, parsed); will try to load it.
06-15-2020 00:15:30 _Log4jLoggerFactory.java DEBUG [main] freemarker.cache 45 - TemplateLoader.findTemplateSource("test-view/test-view_en.ftl"): Not found
06-15-2020 00:15:30 _Log4jLoggerFactory.java DEBUG [main] freemarker.cache 45 - TemplateLoader.findTemplateSource("test-view/test-view.ftl"): Found
06-15-2020 00:15:30 _Log4jLoggerFactory.java DEBUG [main] freemarker.cache 45 - Loading template for "test-view/test-view.ftl"("en", UTF-8, parsed) from "jar:file:/C:/Users/mmahran/.m2/repository/com/aventstack/extentreports/3.1.5/extentreports-3.1.5.jar!/com/aventstack/extentreports/view/html-report/test-view/test-view.ftl"
06-15-2020 00:15:30 _Log4jLoggerFactory.java DEBUG [main] freemarker.cache 45 - Couldn't find template in cache for "test-view/standard.ftl"("en", UTF-8, parsed); will try to load it.
06-15-2020 00:15:30 _Log4jLoggerFactory.java DEBUG [main] freemarker.cache 45 - TemplateLoader.findTemplateSource("test-view/standard_en.ftl"): Not found
06-15-2020 00:15:30 _Log4jLoggerFactory.java DEBUG [main] freemarker.cache 45 - TemplateLoader.findTemplateSource("test-view/standard.ftl"): Found
06-15-2020 00:15:30 _Log4jLoggerFactory.java DEBUG [main] freemarker.cache 45 - Loading template for "test-view/standard.ftl"("en", UTF-8, parsed) from "jar:file:/C:/Users/mmahran/.m2/repository/com/aventstack/extentreports/3.1.5/extentreports-3.1.5.jar!/com/aventstack/extentreports/view/html-report/test-view/standard.ftl"
06-15-2020 00:15:30 _Log4jLoggerFactory.java DEBUG [main] freemarker.cache 45 - "test-view/standard.ftl"("en", UTF-8, parsed) cached copy not yet stale; using cached.
06-15-2020 00:15:30 _Log4jLoggerFactory.java DEBUG [main] freemarker.cache 45 - Couldn't find template in cache for "test-view/test-view-charts.ftl"("en", UTF-8, parsed); will try to load it.
06-15-2020 00:15:30 _Log4jLoggerFactory.java DEBUG [main] freemarker.cache 45 - TemplateLoader.findTemplateSource("test-view/test-view-charts_en.ftl"): Not found
06-15-2020 00:15:30 _Log4jLoggerFactory.java DEBUG [main] freemarker.cache 45 - TemplateLoader.findTemplateSource("test-view/test-view-charts.ftl"): Found
06-15-2020 00:15:30 _Log4jLoggerFactory.java DEBUG [main] freemarker.cache 45 - Loading template for "test-view/test-view-charts.ftl"("en", UTF-8, parsed) from "jar:file:/C:/Users/mmahran/.m2/repository/com/aventstack/extentreports/3.1.5/extentreports-3.1.5.jar!/com/aventstack/extentreports/view/html-report/test-view/test-view-charts.ftl"
06-15-2020 00:15:30 _Log4jLoggerFactory.java DEBUG [main] freemarker.cache 45 - Couldn't find template in cache for "category-view/category-view.ftl"("en", UTF-8, parsed); will try to load it.
06-15-2020 00:15:30 _Log4jLoggerFactory.java DEBUG [main] freemarker.cache 45 - TemplateLoader.findTemplateSource("category-view/category-view_en.ftl"): Not found
06-15-2020 00:15:30 _Log4jLoggerFactory.java DEBUG [main] freemarker.cache 45 - TemplateLoader.findTemplateSource("category-view/category-view.ftl"): Found
06-15-2020 00:15:30 _Log4jLoggerFactory.java DEBUG [main] freemarker.cache 45 - Loading template for "category-view/category-view.ftl"("en", UTF-8, parsed) from "jar:file:/C:/Users/mmahran/.m2/repository/com/aventstack/extentreports/3.1.5/extentreports-3.1.5.jar!/com/aventstack/extentreports/view/html-report/category-view/category-view.ftl"
06-15-2020 00:15:30 _Log4jLoggerFactory.java DEBUG [main] freemarker.cache 45 - Couldn't find template in cache for "author-view/author-view.ftl"("en", UTF-8, parsed); will try to load it.
06-15-2020 00:15:30 _Log4jLoggerFactory.java DEBUG [main] freemarker.cache 45 - TemplateLoader.findTemplateSource("author-view/author-view_en.ftl"): Not found
06-15-2020 00:15:30 _Log4jLoggerFactory.java DEBUG [main] freemarker.cache 45 - TemplateLoader.findTemplateSource("author-view/author-view.ftl"): Found
06-15-2020 00:15:30 _Log4jLoggerFactory.java DEBUG [main] freemarker.cache 45 - Loading template for "author-view/author-view.ftl"("en", UTF-8, parsed) from "jar:file:/C:/Users/mmahran/.m2/repository/com/aventstack/extentreports/3.1.5/extentreports-3.1.5.jar!/com/aventstack/extentreports/view/html-report/author-view/author-view.ftl"
06-15-2020 00:15:30 _Log4jLoggerFactory.java DEBUG [main] freemarker.cache 45 - Couldn't find template in cache for "exception-view/exception-view.ftl"("en", UTF-8, parsed); will try to load it.
06-15-2020 00:15:30 _Log4jLoggerFactory.java DEBUG [main] freemarker.cache 45 - TemplateLoader.findTemplateSource("exception-view/exception-view_en.ftl"): Not found
06-15-2020 00:15:30 _Log4jLoggerFactory.java DEBUG [main] freemarker.cache 45 - TemplateLoader.findTemplateSource("exception-view/exception-view.ftl"): Found
06-15-2020 00:15:30 _Log4jLoggerFactory.java DEBUG [main] freemarker.cache 45 - Loading template for "exception-view/exception-view.ftl"("en", UTF-8, parsed) from "jar:file:/C:/Users/mmahran/.m2/repository/com/aventstack/extentreports/3.1.5/extentreports-3.1.5.jar!/com/aventstack/extentreports/view/html-report/exception-view/exception-view.ftl"
06-15-2020 00:15:30 _Log4jLoggerFactory.java DEBUG [main] freemarker.cache 45 - Couldn't find template in cache for "dashboard-view/dashboard-view.ftl"("en", UTF-8, parsed); will try to load it.
06-15-2020 00:15:30 _Log4jLoggerFactory.java DEBUG [main] freemarker.cache 45 - TemplateLoader.findTemplateSource("dashboard-view/dashboard-view_en.ftl"): Not found
06-15-2020 00:15:30 _Log4jLoggerFactory.java DEBUG [main] freemarker.cache 45 - TemplateLoader.findTemplateSource("dashboard-view/dashboard-view.ftl"): Found
06-15-2020 00:15:30 _Log4jLoggerFactory.java DEBUG [main] freemarker.cache 45 - Loading template for "dashboard-view/dashboard-view.ftl"("en", UTF-8, parsed) from "jar:file:/C:/Users/mmahran/.m2/repository/com/aventstack/extentreports/3.1.5/extentreports-3.1.5.jar!/com/aventstack/extentreports/view/html-report/dashboard-view/dashboard-view.ftl"
06-15-2020 00:15:30 _Log4jLoggerFactory.java DEBUG [main] freemarker.cache 45 - Couldn't find template in cache for "logs-view/testrunner-logs-view.ftl"("en", UTF-8, parsed); will try to load it.
06-15-2020 00:15:30 _Log4jLoggerFactory.java DEBUG [main] freemarker.cache 45 - TemplateLoader.findTemplateSource("logs-view/testrunner-logs-view_en.ftl"): Not found
06-15-2020 00:15:30 _Log4jLoggerFactory.java DEBUG [main] freemarker.cache 45 - TemplateLoader.findTemplateSource("logs-view/testrunner-logs-view.ftl"): Found
06-15-2020 00:15:30 _Log4jLoggerFactory.java DEBUG [main] freemarker.cache 45 - Loading template for "logs-view/testrunner-logs-view.ftl"("en", UTF-8, parsed) from "jar:file:/C:/Users/mmahran/.m2/repository/com/aventstack/extentreports/3.1.5/extentreports-3.1.5.jar!/com/aventstack/extentreports/view/html-report/logs-view/testrunner-logs-view.ftl"
06-15-2020 00:15:30 _Log4jLoggerFactory.java DEBUG [main] freemarker.cache 45 - Couldn't find template in cache for "index.ftl"("en", UTF-8, parsed); will try to load it.
06-15-2020 00:15:30 _Log4jLoggerFactory.java DEBUG [main] freemarker.cache 45 - TemplateLoader.findTemplateSource("index_en.ftl"): Not found
06-15-2020 00:15:30 _Log4jLoggerFactory.java DEBUG [main] freemarker.cache 45 - TemplateLoader.findTemplateSource("index.ftl"): Found
06-15-2020 00:15:30 _Log4jLoggerFactory.java DEBUG [main] freemarker.cache 45 - Loading template for "index.ftl"("en", UTF-8, parsed) from "jar:file:/C:/Users/mmahran/.m2/repository/com/aventstack/extentreports/3.1.5/extentreports-3.1.5.jar!/com/aventstack/extentreports/view/html-report/index.ftl"
06-15-2020 00:15:30 _Log4jLoggerFactory.java DEBUG [main] freemarker.cache 45 - Couldn't find template in cache for "head.ftl"("en", UTF-8, parsed); will try to load it.
06-15-2020 00:15:30 _Log4jLoggerFactory.java DEBUG [main] freemarker.cache 45 - TemplateLoader.findTemplateSource("head_en.ftl"): Not found
06-15-2020 00:15:30 _Log4jLoggerFactory.java DEBUG [main] freemarker.cache 45 - TemplateLoader.findTemplateSource("head.ftl"): Found
06-15-2020 00:15:30 _Log4jLoggerFactory.java DEBUG [main] freemarker.cache 45 - Loading template for "head.ftl"("en", UTF-8, parsed) from "jar:file:/C:/Users/mmahran/.m2/repository/com/aventstack/extentreports/3.1.5/extentreports-3.1.5.jar!/com/aventstack/extentreports/view/html-report/head.ftl"
06-15-2020 00:15:30 _Log4jLoggerFactory.java DEBUG [main] freemarker.cache 45 - Couldn't find template in cache for "nav.ftl"("en", UTF-8, parsed); will try to load it.
06-15-2020 00:15:30 _Log4jLoggerFactory.java DEBUG [main] freemarker.cache 45 - TemplateLoader.findTemplateSource("nav_en.ftl"): Not found
06-15-2020 00:15:30 _Log4jLoggerFactory.java DEBUG [main] freemarker.cache 45 - TemplateLoader.findTemplateSource("nav.ftl"): Found
06-15-2020 00:15:30 _Log4jLoggerFactory.java DEBUG [main] freemarker.cache 45 - Loading template for "nav.ftl"("en", UTF-8, parsed) from "jar:file:/C:/Users/mmahran/.m2/repository/com/aventstack/extentreports/3.1.5/extentreports-3.1.5.jar!/com/aventstack/extentreports/view/html-report/nav.ftl"
06-15-2020 00:15:30 _Log4jLoggerFactory.java DEBUG [main] freemarker.cache 45 - Couldn't find template in cache for "test-view/test-view.ftl"("en", UTF-8, parsed); will try to load it.
06-15-2020 00:15:30 _Log4jLoggerFactory.java DEBUG [main] freemarker.cache 45 - TemplateLoader.findTemplateSource("test-view/test-view_en.ftl"): Not found
06-15-2020 00:15:30 _Log4jLoggerFactory.java DEBUG [main] freemarker.cache 45 - TemplateLoader.findTemplateSource("test-view/test-view.ftl"): Found
06-15-2020 00:15:30 _Log4jLoggerFactory.java DEBUG [main] freemarker.cache 45 - Loading template for "test-view/test-view.ftl"("en", UTF-8, parsed) from "jar:file:/C:/Users/mmahran/.m2/repository/com/aventstack/extentreports/3.1.5/extentreports-3.1.5.jar!/com/aventstack/extentreports/view/html-report/test-view/test-view.ftl"
06-15-2020 00:15:30 _Log4jLoggerFactory.java DEBUG [main] freemarker.cache 45 - Couldn't find template in cache for "test-view/standard.ftl"("en", UTF-8, parsed); will try to load it.
06-15-2020 00:15:30 _Log4jLoggerFactory.java DEBUG [main] freemarker.cache 45 - TemplateLoader.findTemplateSource("test-view/standard_en.ftl"): Not found
06-15-2020 00:15:30 _Log4jLoggerFactory.java DEBUG [main] freemarker.cache 45 - TemplateLoader.findTemplateSource("test-view/standard.ftl"): Found
06-15-2020 00:15:30 _Log4jLoggerFactory.java DEBUG [main] freemarker.cache 45 - Loading template for "test-view/standard.ftl"("en", UTF-8, parsed) from "jar:file:/C:/Users/mmahran/.m2/repository/com/aventstack/extentreports/3.1.5/extentreports-3.1.5.jar!/com/aventstack/extentreports/view/html-report/test-view/standard.ftl"
06-15-2020 00:15:31 _Log4jLoggerFactory.java DEBUG [main] freemarker.cache 45 - "test-view/standard.ftl"("en", UTF-8, parsed) cached copy not yet stale; using cached.
06-15-2020 00:15:31 _Log4jLoggerFactory.java DEBUG [main] freemarker.cache 45 - Couldn't find template in cache for "test-view/test-view-charts.ftl"("en", UTF-8, parsed); will try to load it.
06-15-2020 00:15:31 _Log4jLoggerFactory.java DEBUG [main] freemarker.cache 45 - TemplateLoader.findTemplateSource("test-view/test-view-charts_en.ftl"): Not found
06-15-2020 00:15:31 _Log4jLoggerFactory.java DEBUG [main] freemarker.cache 45 - TemplateLoader.findTemplateSource("test-view/test-view-charts.ftl"): Found
06-15-2020 00:15:31 _Log4jLoggerFactory.java DEBUG [main] freemarker.cache 45 - Loading template for "test-view/test-view-charts.ftl"("en", UTF-8, parsed) from "jar:file:/C:/Users/mmahran/.m2/repository/com/aventstack/extentreports/3.1.5/extentreports-3.1.5.jar!/com/aventstack/extentreports/view/html-report/test-view/test-view-charts.ftl"
06-15-2020 00:15:31 _Log4jLoggerFactory.java DEBUG [main] freemarker.cache 45 - Couldn't find template in cache for "category-view/category-view.ftl"("en", UTF-8, parsed); will try to load it.
06-15-2020 00:15:31 _Log4jLoggerFactory.java DEBUG [main] freemarker.cache 45 - TemplateLoader.findTemplateSource("category-view/category-view_en.ftl"): Not found
06-15-2020 00:15:31 _Log4jLoggerFactory.java DEBUG [main] freemarker.cache 45 - TemplateLoader.findTemplateSource("category-view/category-view.ftl"): Found
06-15-2020 00:15:31 _Log4jLoggerFactory.java DEBUG [main] freemarker.cache 45 - Loading template for "category-view/category-view.ftl"("en", UTF-8, parsed) from "jar:file:/C:/Users/mmahran/.m2/repository/com/aventstack/extentreports/3.1.5/extentreports-3.1.5.jar!/com/aventstack/extentreports/view/html-report/category-view/category-view.ftl"
06-15-2020 00:15:31 _Log4jLoggerFactory.java DEBUG [main] freemarker.cache 45 - Couldn't find template in cache for "author-view/author-view.ftl"("en", UTF-8, parsed); will try to load it.
06-15-2020 00:15:31 _Log4jLoggerFactory.java DEBUG [main] freemarker.cache 45 - TemplateLoader.findTemplateSource("author-view/author-view_en.ftl"): Not found
06-15-2020 00:15:31 _Log4jLoggerFactory.java DEBUG [main] freemarker.cache 45 - TemplateLoader.findTemplateSource("author-view/author-view.ftl"): Found
06-15-2020 00:15:31 _Log4jLoggerFactory.java DEBUG [main] freemarker.cache 45 - Loading template for "author-view/author-view.ftl"("en", UTF-8, parsed) from "jar:file:/C:/Users/mmahran/.m2/repository/com/aventstack/extentreports/3.1.5/extentreports-3.1.5.jar!/com/aventstack/extentreports/view/html-report/author-view/author-view.ftl"
06-15-2020 00:15:31 _Log4jLoggerFactory.java DEBUG [main] freemarker.cache 45 - Couldn't find template in cache for "exception-view/exception-view.ftl"("en", UTF-8, parsed); will try to load it.
06-15-2020 00:15:31 _Log4jLoggerFactory.java DEBUG [main] freemarker.cache 45 - TemplateLoader.findTemplateSource("exception-view/exception-view_en.ftl"): Not found
06-15-2020 00:15:31 _Log4jLoggerFactory.java DEBUG [main] freemarker.cache 45 - TemplateLoader.findTemplateSource("exception-view/exception-view.ftl"): Found
06-15-2020 00:15:31 _Log4jLoggerFactory.java DEBUG [main] freemarker.cache 45 - Loading template for "exception-view/exception-view.ftl"("en", UTF-8, parsed) from "jar:file:/C:/Users/mmahran/.m2/repository/com/aventstack/extentreports/3.1.5/extentreports-3.1.5.jar!/com/aventstack/extentreports/view/html-report/exception-view/exception-view.ftl"
06-15-2020 00:15:31 _Log4jLoggerFactory.java DEBUG [main] freemarker.cache 45 - Couldn't find template in cache for "dashboard-view/dashboard-view.ftl"("en", UTF-8, parsed); will try to load it.
06-15-2020 00:15:31 _Log4jLoggerFactory.java DEBUG [main] freemarker.cache 45 - TemplateLoader.findTemplateSource("dashboard-view/dashboard-view_en.ftl"): Not found
06-15-2020 00:15:31 _Log4jLoggerFactory.java DEBUG [main] freemarker.cache 45 - TemplateLoader.findTemplateSource("dashboard-view/dashboard-view.ftl"): Found
06-15-2020 00:15:31 _Log4jLoggerFactory.java DEBUG [main] freemarker.cache 45 - Loading template for "dashboard-view/dashboard-view.ftl"("en", UTF-8, parsed) from "jar:file:/C:/Users/mmahran/.m2/repository/com/aventstack/extentreports/3.1.5/extentreports-3.1.5.jar!/com/aventstack/extentreports/view/html-report/dashboard-view/dashboard-view.ftl"
06-15-2020 00:15:31 _Log4jLoggerFactory.java DEBUG [main] freemarker.cache 45 - Couldn't find template in cache for "logs-view/testrunner-logs-view.ftl"("en", UTF-8, parsed); will try to load it.
06-15-2020 00:15:31 _Log4jLoggerFactory.java DEBUG [main] freemarker.cache 45 - TemplateLoader.findTemplateSource("logs-view/testrunner-logs-view_en.ftl"): Not found
06-15-2020 00:15:31 _Log4jLoggerFactory.java DEBUG [main] freemarker.cache 45 - TemplateLoader.findTemplateSource("logs-view/testrunner-logs-view.ftl"): Found
06-15-2020 00:15:31 _Log4jLoggerFactory.java DEBUG [main] freemarker.cache 45 - Loading template for "logs-view/testrunner-logs-view.ftl"("en", UTF-8, parsed) from "jar:file:/C:/Users/mmahran/.m2/repository/com/aventstack/extentreports/3.1.5/extentreports-3.1.5.jar!/com/aventstack/extentreports/view/html-report/logs-view/testrunner-logs-view.ftl"
06-15-2020 00:15:31 RequestAddCookies.java DEBUG [Forwarding newSession on session null to remote] protocol.RequestAddCookies 123 - CookieSpec selected: default
06-15-2020 00:15:31 RequestAuthCache.java DEBUG [Forwarding newSession on session null to remote] protocol.RequestAuthCache 77 - Auth cache not set in the context
06-15-2020 00:15:31 PoolingHttpClientConnectionManager.java DEBUG [Forwarding newSession on session null to remote] conn.PoolingHttpClientConnectionManager 255 - Connection request: [route: {}->http://localhost:18069][total kept alive: 0; route allocated: 0 of 2000; total allocated: 0 of 2000]
06-15-2020 00:15:31 PoolingHttpClientConnectionManager.java DEBUG [Forwarding newSession on session null to remote] conn.PoolingHttpClientConnectionManager 288 - Connection leased: [id: 1][route: {}->http://localhost:18069][total kept alive: 0; route allocated: 1 of 2000; total allocated: 1 of 2000]
06-15-2020 00:15:31 MainClientExec.java DEBUG [Forwarding newSession on session null to remote] execchain.MainClientExec 235 - Opening connection {}->http://localhost:18069
06-15-2020 00:15:31 DefaultHttpClientConnectionOperator.java DEBUG [Forwarding newSession on session null to remote] conn.DefaultHttpClientConnectionOperator 139 - Connecting to localhost/127.0.0.1:18069
06-15-2020 00:15:31 DefaultHttpClientConnectionOperator.java DEBUG [Forwarding newSession on session null to remote] conn.DefaultHttpClientConnectionOperator 146 - Connection established 127.0.0.1:4608<->127.0.0.1:18069
06-15-2020 00:15:31 LoggingManagedHttpClientConnection.java DEBUG [Forwarding newSession on session null to remote] conn.DefaultManagedHttpClientConnection 88 - http-outgoing-1: set socket timeout to 10800000
06-15-2020 00:15:31 MainClientExec.java DEBUG [Forwarding newSession on session null to remote] execchain.MainClientExec 256 - Executing request POST /session HTTP/1.1
06-15-2020 00:15:31 MainClientExec.java DEBUG [Forwarding newSession on session null to remote] execchain.MainClientExec 261 - Target auth state: UNCHALLENGED
06-15-2020 00:15:31 MainClientExec.java DEBUG [Forwarding newSession on session null to remote] execchain.MainClientExec 267 - Proxy auth state: UNCHALLENGED
06-15-2020 00:15:31 LoggingManagedHttpClientConnection.java DEBUG [Forwarding newSession on session null to remote] http.headers 133 - http-outgoing-1 >> POST /session HTTP/1.1
06-15-2020 00:15:31 LoggingManagedHttpClientConnection.java DEBUG [Forwarding newSession on session null to remote] http.headers 136 - http-outgoing-1 >> Content-Type: application/json; charset=utf-8
06-15-2020 00:15:31 LoggingManagedHttpClientConnection.java DEBUG [Forwarding newSession on session null to remote] http.headers 136 - http-outgoing-1 >> Content-Length: 456
06-15-2020 00:15:31 LoggingManagedHttpClientConnection.java DEBUG [Forwarding newSession on session null to remote] http.headers 136 - http-outgoing-1 >> Host: localhost:18069
06-15-2020 00:15:31 LoggingManagedHttpClientConnection.java DEBUG [Forwarding newSession on session null to remote] http.headers 136 - http-outgoing-1 >> Connection: Keep-Alive
06-15-2020 00:15:31 LoggingManagedHttpClientConnection.java DEBUG [Forwarding newSession on session null to remote] http.headers 136 - http-outgoing-1 >> User-Agent: Apache-HttpClient/4.5.3 (Java/1.8.0_144)
06-15-2020 00:15:31 LoggingManagedHttpClientConnection.java DEBUG [Forwarding newSession on session null to remote] http.headers 136 - http-outgoing-1 >> Accept-Encoding: gzip,deflate
06-15-2020 00:15:31 Wire.java DEBUG [Forwarding newSession on session null to remote] http.wire 73 - http-outgoing-1 >> "POST /session HTTP/1.1[\r][\n]"
06-15-2020 00:15:31 Wire.java DEBUG [Forwarding newSession on session null to remote] http.wire 73 - http-outgoing-1 >> "Content-Type: application/json; charset=utf-8[\r][\n]"
06-15-2020 00:15:31 Wire.java DEBUG [Forwarding newSession on session null to remote] http.wire 73 - http-outgoing-1 >> "Content-Length: 456[\r][\n]"
06-15-2020 00:15:31 Wire.java DEBUG [Forwarding newSession on session null to remote] http.wire 73 - http-outgoing-1 >> "Host: localhost:18069[\r][\n]"
06-15-2020 00:15:31 Wire.java DEBUG [Forwarding newSession on session null to remote] http.wire 73 - http-outgoing-1 >> "Connection: Keep-Alive[\r][\n]"
06-15-2020 00:15:31 Wire.java DEBUG [Forwarding newSession on session null to remote] http.wire 73 - http-outgoing-1 >> "User-Agent: Apache-HttpClient/4.5.3 (Java/1.8.0_144)[\r][\n]"
06-15-2020 00:15:31 Wire.java DEBUG [Forwarding newSession on session null to remote] http.wire 73 - http-outgoing-1 >> "Accept-Encoding: gzip,deflate[\r][\n]"
06-15-2020 00:15:31 Wire.java DEBUG [Forwarding newSession on session null to remote] http.wire 73 - http-outgoing-1 >> "[\r][\n]"
06-15-2020 00:15:31 Wire.java DEBUG [Forwarding newSession on session null to remote] http.wire 73 - http-outgoing-1 >> "{[\n]"
06-15-2020 00:15:31 Wire.java DEBUG [Forwarding newSession on session null to remote] http.wire 73 - http-outgoing-1 >> "  "desiredCapabilities": {[\n]"
06-15-2020 00:15:31 Wire.java DEBUG [Forwarding newSession on session null to remote] http.wire 73 - http-outgoing-1 >> "    "moz:firefoxOptions": {[\n]"
06-15-2020 00:15:31 Wire.java DEBUG [Forwarding newSession on session null to remote] http.wire 73 - http-outgoing-1 >> "      "prefs": {},[\n]"
06-15-2020 00:15:31 Wire.java DEBUG [Forwarding newSession on session null to remote] http.wire 73 - http-outgoing-1 >> "      "args": [][\n]"
06-15-2020 00:15:31 Wire.java DEBUG [Forwarding newSession on session null to remote] http.wire 73 - http-outgoing-1 >> "    }[\n]"
06-15-2020 00:15:31 Wire.java DEBUG [Forwarding newSession on session null to remote] http.wire 73 - http-outgoing-1 >> "  },[\n]"
06-15-2020 00:15:31 Wire.java DEBUG [Forwarding newSession on session null to remote] http.wire 73 - http-outgoing-1 >> "  "requiredCapabilities": {},[\n]"
06-15-2020 00:15:31 Wire.java DEBUG [Forwarding newSession on session null to remote] http.wire 73 - http-outgoing-1 >> "  "capabilities": {[\n]"
06-15-2020 00:15:31 Wire.java DEBUG [Forwarding newSession on session null to remote] http.wire 73 - http-outgoing-1 >> "    "desiredCapabilities": {[\n]"
06-15-2020 00:15:31 Wire.java DEBUG [Forwarding newSession on session null to remote] http.wire 73 - http-outgoing-1 >> "      "moz:firefoxOptions": {[\n]"
06-15-2020 00:15:31 Wire.java DEBUG [Forwarding newSession on session null to remote] http.wire 73 - http-outgoing-1 >> "        "prefs": {},[\n]"
06-15-2020 00:15:31 Wire.java DEBUG [Forwarding newSession on session null to remote] http.wire 73 - http-outgoing-1 >> "        "args": [][\n]"
06-15-2020 00:15:31 Wire.java DEBUG [Forwarding newSession on session null to remote] http.wire 73 - http-outgoing-1 >> "      }[\n]"
06-15-2020 00:15:31 Wire.java DEBUG [Forwarding newSession on session null to remote] http.wire 73 - http-outgoing-1 >> "    },[\n]"
06-15-2020 00:15:31 Wire.java DEBUG [Forwarding newSession on session null to remote] http.wire 73 - http-outgoing-1 >> "    "requiredCapabilities": {},[\n]"
06-15-2020 00:15:31 Wire.java DEBUG [Forwarding newSession on session null to remote] http.wire 73 - http-outgoing-1 >> "    "alwaysMatch": {},[\n]"
06-15-2020 00:15:31 Wire.java DEBUG [Forwarding newSession on session null to remote] http.wire 73 - http-outgoing-1 >> "    "firstMatch": [[\n]"
06-15-2020 00:15:31 Wire.java DEBUG [Forwarding newSession on session null to remote] http.wire 73 - http-outgoing-1 >> "      {[\n]"
06-15-2020 00:15:31 Wire.java DEBUG [Forwarding newSession on session null to remote] http.wire 73 - http-outgoing-1 >> "        "moz:firefoxOptions": {[\n]"
06-15-2020 00:15:31 Wire.java DEBUG [Forwarding newSession on session null to remote] http.wire 73 - http-outgoing-1 >> "          "prefs": {},[\n]"
06-15-2020 00:15:31 Wire.java DEBUG [Forwarding newSession on session null to remote] http.wire 73 - http-outgoing-1 >> "          "args": [][\n]"
06-15-2020 00:15:31 Wire.java DEBUG [Forwarding newSession on session null to remote] http.wire 73 - http-outgoing-1 >> "        }[\n]"
06-15-2020 00:15:31 Wire.java DEBUG [Forwarding newSession on session null to remote] http.wire 73 - http-outgoing-1 >> "      }[\n]"
06-15-2020 00:15:31 Wire.java DEBUG [Forwarding newSession on session null to remote] http.wire 73 - http-outgoing-1 >> "    ][\n]"
06-15-2020 00:15:31 Wire.java DEBUG [Forwarding newSession on session null to remote] http.wire 73 - http-outgoing-1 >> "  }[\n]"
06-15-2020 00:15:31 Wire.java DEBUG [Forwarding newSession on session null to remote] http.wire 87 - http-outgoing-1 >> "}"
06-15-2020 00:15:35 Wire.java DEBUG [Forwarding newSession on session null to remote] http.wire 73 - http-outgoing-1 << "HTTP/1.1 200 OK[\r][\n]"
06-15-2020 00:15:35 Wire.java DEBUG [Forwarding newSession on session null to remote] http.wire 73 - http-outgoing-1 << "content-type: application/json; charset=utf-8[\r][\n]"
06-15-2020 00:15:35 Wire.java DEBUG [Forwarding newSession on session null to remote] http.wire 73 - http-outgoing-1 << "cache-control: no-cache[\r][\n]"
06-15-2020 00:15:35 Wire.java DEBUG [Forwarding newSession on session null to remote] http.wire 73 - http-outgoing-1 << "content-length: 733[\r][\n]"
06-15-2020 00:15:35 Wire.java DEBUG [Forwarding newSession on session null to remote] http.wire 73 - http-outgoing-1 << "date: Sun, 14 Jun 2020 22:15:31 GMT[\r][\n]"
06-15-2020 00:15:35 Wire.java DEBUG [Forwarding newSession on session null to remote] http.wire 73 - http-outgoing-1 << "[\r][\n]"
06-15-2020 00:15:35 Wire.java DEBUG [Forwarding newSession on session null to remote] http.wire 87 - http-outgoing-1 << "{"value":{"sessionId":"fee92b64-ec83-4b15-8cd8-60e359a33e69","capabilities":{"acceptInsecureCerts":false,"browserName":"firefox","browserVersion":"69.0.1","moz:accessibilityChecks":false,"moz:buildID":"20190917135527","moz:geckodriverVersion":"0.26.0","moz:headless":false,"moz:processID":17280,"moz:profile":"C:\\Users\\mmahran\\AppData\\Local\\Temp\\rust_mozprofileqZfdR7","moz:shutdownTimeout":60000,"moz:useNonSpecCompliantPointerOrigin":false,"moz:webdriverClick":true,"pageLoadStrategy":"normal","platformName":"windows","platformVersion":"10.0","rotatable":false,"setWindowRect":true,"strictFileInteractability":false,"timeouts":{"implicit":0,"pageLoad":300000,"script":30000},"unhandledPromptBehavior":"dismiss and notify"}}}"
06-15-2020 00:15:35 LoggingManagedHttpClientConnection.java DEBUG [Forwarding newSession on session null to remote] http.headers 122 - http-outgoing-1 << HTTP/1.1 200 OK
06-15-2020 00:15:35 LoggingManagedHttpClientConnection.java DEBUG [Forwarding newSession on session null to remote] http.headers 125 - http-outgoing-1 << content-type: application/json; charset=utf-8
06-15-2020 00:15:35 LoggingManagedHttpClientConnection.java DEBUG [Forwarding newSession on session null to remote] http.headers 125 - http-outgoing-1 << cache-control: no-cache
06-15-2020 00:15:35 LoggingManagedHttpClientConnection.java DEBUG [Forwarding newSession on session null to remote] http.headers 125 - http-outgoing-1 << content-length: 733
06-15-2020 00:15:35 LoggingManagedHttpClientConnection.java DEBUG [Forwarding newSession on session null to remote] http.headers 125 - http-outgoing-1 << date: Sun, 14 Jun 2020 22:15:31 GMT
06-15-2020 00:15:35 MainClientExec.java DEBUG [Forwarding newSession on session null to remote] execchain.MainClientExec 285 - Connection can be kept alive indefinitely
06-15-2020 00:15:35 PoolingHttpClientConnectionManager.java DEBUG [Forwarding newSession on session null to remote] conn.PoolingHttpClientConnectionManager 320 - Connection [id: 1][route: {}->http://localhost:18069] can be kept alive indefinitely
06-15-2020 00:15:35 PoolingHttpClientConnectionManager.java DEBUG [Forwarding newSession on session null to remote] conn.PoolingHttpClientConnectionManager 326 - Connection released: [id: 1][route: {}->http://localhost:18069][total kept alive: 1; route allocated: 1 of 2000; total allocated: 1 of 2000]
06-15-2020 00:15:35 RequestAddCookies.java DEBUG [Forwarding setTimeout on session fee92b64-ec83-4b15-8cd8-60e359a33e69 to remote] protocol.RequestAddCookies 123 - CookieSpec selected: default
06-15-2020 00:15:35 RequestAuthCache.java DEBUG [Forwarding setTimeout on session fee92b64-ec83-4b15-8cd8-60e359a33e69 to remote] protocol.RequestAuthCache 77 - Auth cache not set in the context
06-15-2020 00:15:35 PoolingHttpClientConnectionManager.java DEBUG [Forwarding setTimeout on session fee92b64-ec83-4b15-8cd8-60e359a33e69 to remote] conn.PoolingHttpClientConnectionManager 255 - Connection request: [route: {}->http://localhost:18069][total kept alive: 1; route allocated: 1 of 2000; total allocated: 1 of 2000]
06-15-2020 00:15:35 PoolingHttpClientConnectionManager.java DEBUG [Forwarding setTimeout on session fee92b64-ec83-4b15-8cd8-60e359a33e69 to remote] conn.PoolingHttpClientConnectionManager 288 - Connection leased: [id: 1][route: {}->http://localhost:18069][total kept alive: 0; route allocated: 1 of 2000; total allocated: 1 of 2000]
06-15-2020 00:15:35 MainClientExec.java DEBUG [Forwarding setTimeout on session fee92b64-ec83-4b15-8cd8-60e359a33e69 to remote] execchain.MainClientExec 208 - Stale connection check
06-15-2020 00:15:35 Wire.java DEBUG [Forwarding setTimeout on session fee92b64-ec83-4b15-8cd8-60e359a33e69 to remote] http.wire 87 - http-outgoing-1 << "[read] I/O error: Read timed out"
06-15-2020 00:15:35 LoggingManagedHttpClientConnection.java DEBUG [Forwarding setTimeout on session fee92b64-ec83-4b15-8cd8-60e359a33e69 to remote] conn.DefaultManagedHttpClientConnection 88 - http-outgoing-1: set socket timeout to 10800000
06-15-2020 00:15:35 MainClientExec.java DEBUG [Forwarding setTimeout on session fee92b64-ec83-4b15-8cd8-60e359a33e69 to remote] execchain.MainClientExec 256 - Executing request POST /session/fee92b64-ec83-4b15-8cd8-60e359a33e69/timeouts HTTP/1.1
06-15-2020 00:15:35 MainClientExec.java DEBUG [Forwarding setTimeout on session fee92b64-ec83-4b15-8cd8-60e359a33e69 to remote] execchain.MainClientExec 261 - Target auth state: UNCHALLENGED
06-15-2020 00:15:35 MainClientExec.java DEBUG [Forwarding setTimeout on session fee92b64-ec83-4b15-8cd8-60e359a33e69 to remote] execchain.MainClientExec 267 - Proxy auth state: UNCHALLENGED
06-15-2020 00:15:35 LoggingManagedHttpClientConnection.java DEBUG [Forwarding setTimeout on session fee92b64-ec83-4b15-8cd8-60e359a33e69 to remote] http.headers 133 - http-outgoing-1 >> POST /session/fee92b64-ec83-4b15-8cd8-60e359a33e69/timeouts HTTP/1.1
06-15-2020 00:15:35 LoggingManagedHttpClientConnection.java DEBUG [Forwarding setTimeout on session fee92b64-ec83-4b15-8cd8-60e359a33e69 to remote] http.headers 136 - http-outgoing-1 >> Content-Type: application/json; charset=utf-8
06-15-2020 00:15:35 LoggingManagedHttpClientConnection.java DEBUG [Forwarding setTimeout on session fee92b64-ec83-4b15-8cd8-60e359a33e69 to remote] http.headers 136 - http-outgoing-1 >> Content-Length: 18
06-15-2020 00:15:35 LoggingManagedHttpClientConnection.java DEBUG [Forwarding setTimeout on session fee92b64-ec83-4b15-8cd8-60e359a33e69 to remote] http.headers 136 - http-outgoing-1 >> Host: localhost:18069
06-15-2020 00:15:35 LoggingManagedHttpClientConnection.java DEBUG [Forwarding setTimeout on session fee92b64-ec83-4b15-8cd8-60e359a33e69 to remote] http.headers 136 - http-outgoing-1 >> Connection: Keep-Alive
06-15-2020 00:15:35 LoggingManagedHttpClientConnection.java DEBUG [Forwarding setTimeout on session fee92b64-ec83-4b15-8cd8-60e359a33e69 to remote] http.headers 136 - http-outgoing-1 >> User-Agent: Apache-HttpClient/4.5.3 (Java/1.8.0_144)
06-15-2020 00:15:35 LoggingManagedHttpClientConnection.java DEBUG [Forwarding setTimeout on session fee92b64-ec83-4b15-8cd8-60e359a33e69 to remote] http.headers 136 - http-outgoing-1 >> Accept-Encoding: gzip,deflate
06-15-2020 00:15:35 Wire.java DEBUG [Forwarding setTimeout on session fee92b64-ec83-4b15-8cd8-60e359a33e69 to remote] http.wire 73 - http-outgoing-1 >> "POST /session/fee92b64-ec83-4b15-8cd8-60e359a33e69/timeouts HTTP/1.1[\r][\n]"
06-15-2020 00:15:35 Wire.java DEBUG [Forwarding setTimeout on session fee92b64-ec83-4b15-8cd8-60e359a33e69 to remote] http.wire 73 - http-outgoing-1 >> "Content-Type: application/json; charset=utf-8[\r][\n]"
06-15-2020 00:15:35 Wire.java DEBUG [Forwarding setTimeout on session fee92b64-ec83-4b15-8cd8-60e359a33e69 to remote] http.wire 73 - http-outgoing-1 >> "Content-Length: 18[\r][\n]"
06-15-2020 00:15:35 Wire.java DEBUG [Forwarding setTimeout on session fee92b64-ec83-4b15-8cd8-60e359a33e69 to remote] http.wire 73 - http-outgoing-1 >> "Host: localhost:18069[\r][\n]"
06-15-2020 00:15:35 Wire.java DEBUG [Forwarding setTimeout on session fee92b64-ec83-4b15-8cd8-60e359a33e69 to remote] http.wire 73 - http-outgoing-1 >> "Connection: Keep-Alive[\r][\n]"
06-15-2020 00:15:35 Wire.java DEBUG [Forwarding setTimeout on session fee92b64-ec83-4b15-8cd8-60e359a33e69 to remote] http.wire 73 - http-outgoing-1 >> "User-Agent: Apache-HttpClient/4.5.3 (Java/1.8.0_144)[\r][\n]"
06-15-2020 00:15:35 Wire.java DEBUG [Forwarding setTimeout on session fee92b64-ec83-4b15-8cd8-60e359a33e69 to remote] http.wire 73 - http-outgoing-1 >> "Accept-Encoding: gzip,deflate[\r][\n]"
06-15-2020 00:15:35 Wire.java DEBUG [Forwarding setTimeout on session fee92b64-ec83-4b15-8cd8-60e359a33e69 to remote] http.wire 73 - http-outgoing-1 >> "[\r][\n]"
06-15-2020 00:15:35 Wire.java DEBUG [Forwarding setTimeout on session fee92b64-ec83-4b15-8cd8-60e359a33e69 to remote] http.wire 87 - http-outgoing-1 >> "{"implicit":10000}"
06-15-2020 00:15:35 Wire.java DEBUG [Forwarding setTimeout on session fee92b64-ec83-4b15-8cd8-60e359a33e69 to remote] http.wire 73 - http-outgoing-1 << "HTTP/1.1 200 OK[\r][\n]"
06-15-2020 00:15:35 Wire.java DEBUG [Forwarding setTimeout on session fee92b64-ec83-4b15-8cd8-60e359a33e69 to remote] http.wire 73 - http-outgoing-1 << "content-type: application/json; charset=utf-8[\r][\n]"
06-15-2020 00:15:35 Wire.java DEBUG [Forwarding setTimeout on session fee92b64-ec83-4b15-8cd8-60e359a33e69 to remote] http.wire 73 - http-outgoing-1 << "cache-control: no-cache[\r][\n]"
06-15-2020 00:15:35 Wire.java DEBUG [Forwarding setTimeout on session fee92b64-ec83-4b15-8cd8-60e359a33e69 to remote] http.wire 73 - http-outgoing-1 << "content-length: 14[\r][\n]"
06-15-2020 00:15:35 Wire.java DEBUG [Forwarding setTimeout on session fee92b64-ec83-4b15-8cd8-60e359a33e69 to remote] http.wire 73 - http-outgoing-1 << "date: Sun, 14 Jun 2020 22:15:35 GMT[\r][\n]"
06-15-2020 00:15:35 Wire.java DEBUG [Forwarding setTimeout on session fee92b64-ec83-4b15-8cd8-60e359a33e69 to remote] http.wire 73 - http-outgoing-1 << "[\r][\n]"
06-15-2020 00:15:35 Wire.java DEBUG [Forwarding setTimeout on session fee92b64-ec83-4b15-8cd8-60e359a33e69 to remote] http.wire 87 - http-outgoing-1 << "{"value":null}"
06-15-2020 00:15:35 LoggingManagedHttpClientConnection.java DEBUG [Forwarding setTimeout on session fee92b64-ec83-4b15-8cd8-60e359a33e69 to remote] http.headers 122 - http-outgoing-1 << HTTP/1.1 200 OK
06-15-2020 00:15:35 LoggingManagedHttpClientConnection.java DEBUG [Forwarding setTimeout on session fee92b64-ec83-4b15-8cd8-60e359a33e69 to remote] http.headers 125 - http-outgoing-1 << content-type: application/json; charset=utf-8
06-15-2020 00:15:35 LoggingManagedHttpClientConnection.java DEBUG [Forwarding setTimeout on session fee92b64-ec83-4b15-8cd8-60e359a33e69 to remote] http.headers 125 - http-outgoing-1 << cache-control: no-cache
06-15-2020 00:15:35 LoggingManagedHttpClientConnection.java DEBUG [Forwarding setTimeout on session fee92b64-ec83-4b15-8cd8-60e359a33e69 to remote] http.headers 125 - http-outgoing-1 << content-length: 14
06-15-2020 00:15:35 LoggingManagedHttpClientConnection.java DEBUG [Forwarding setTimeout on session fee92b64-ec83-4b15-8cd8-60e359a33e69 to remote] http.headers 125 - http-outgoing-1 << date: Sun, 14 Jun 2020 22:15:35 GMT
06-15-2020 00:15:35 MainClientExec.java DEBUG [Forwarding setTimeout on session fee92b64-ec83-4b15-8cd8-60e359a33e69 to remote] execchain.MainClientExec 285 - Connection can be kept alive indefinitely
06-15-2020 00:15:35 PoolingHttpClientConnectionManager.java DEBUG [Forwarding setTimeout on session fee92b64-ec83-4b15-8cd8-60e359a33e69 to remote] conn.PoolingHttpClientConnectionManager 320 - Connection [id: 1][route: {}->http://localhost:18069] can be kept alive indefinitely
06-15-2020 00:15:35 PoolingHttpClientConnectionManager.java DEBUG [Forwarding setTimeout on session fee92b64-ec83-4b15-8cd8-60e359a33e69 to remote] conn.PoolingHttpClientConnectionManager 326 - Connection released: [id: 1][route: {}->http://localhost:18069][total kept alive: 1; route allocated: 1 of 2000; total allocated: 1 of 2000]
06-15-2020 00:15:35 RequestAddCookies.java DEBUG [Forwarding maximizeCurrentWindow on session fee92b64-ec83-4b15-8cd8-60e359a33e69 to remote] protocol.RequestAddCookies 123 - CookieSpec selected: default
06-15-2020 00:15:35 RequestAuthCache.java DEBUG [Forwarding maximizeCurrentWindow on session fee92b64-ec83-4b15-8cd8-60e359a33e69 to remote] protocol.RequestAuthCache 77 - Auth cache not set in the context
06-15-2020 00:15:35 PoolingHttpClientConnectionManager.java DEBUG [Forwarding maximizeCurrentWindow on session fee92b64-ec83-4b15-8cd8-60e359a33e69 to remote] conn.PoolingHttpClientConnectionManager 255 - Connection request: [route: {}->http://localhost:18069][total kept alive: 1; route allocated: 1 of 2000; total allocated: 1 of 2000]
06-15-2020 00:15:35 PoolingHttpClientConnectionManager.java DEBUG [Forwarding maximizeCurrentWindow on session fee92b64-ec83-4b15-8cd8-60e359a33e69 to remote] conn.PoolingHttpClientConnectionManager 288 - Connection leased: [id: 1][route: {}->http://localhost:18069][total kept alive: 0; route allocated: 1 of 2000; total allocated: 1 of 2000]
06-15-2020 00:15:35 MainClientExec.java DEBUG [Forwarding maximizeCurrentWindow on session fee92b64-ec83-4b15-8cd8-60e359a33e69 to remote] execchain.MainClientExec 208 - Stale connection check
06-15-2020 00:15:35 Wire.java DEBUG [Forwarding maximizeCurrentWindow on session fee92b64-ec83-4b15-8cd8-60e359a33e69 to remote] http.wire 87 - http-outgoing-1 << "[read] I/O error: Read timed out"
06-15-2020 00:15:35 LoggingManagedHttpClientConnection.java DEBUG [Forwarding maximizeCurrentWindow on session fee92b64-ec83-4b15-8cd8-60e359a33e69 to remote] conn.DefaultManagedHttpClientConnection 88 - http-outgoing-1: set socket timeout to 10800000
06-15-2020 00:15:35 MainClientExec.java DEBUG [Forwarding maximizeCurrentWindow on session fee92b64-ec83-4b15-8cd8-60e359a33e69 to remote] execchain.MainClientExec 256 - Executing request POST /session/fee92b64-ec83-4b15-8cd8-60e359a33e69/window/maximize HTTP/1.1
06-15-2020 00:15:35 MainClientExec.java DEBUG [Forwarding maximizeCurrentWindow on session fee92b64-ec83-4b15-8cd8-60e359a33e69 to remote] execchain.MainClientExec 261 - Target auth state: UNCHALLENGED
06-15-2020 00:15:35 MainClientExec.java DEBUG [Forwarding maximizeCurrentWindow on session fee92b64-ec83-4b15-8cd8-60e359a33e69 to remote] execchain.MainClientExec 267 - Proxy auth state: UNCHALLENGED
06-15-2020 00:15:35 LoggingManagedHttpClientConnection.java DEBUG [Forwarding maximizeCurrentWindow on session fee92b64-ec83-4b15-8cd8-60e359a33e69 to remote] http.headers 133 - http-outgoing-1 >> POST /session/fee92b64-ec83-4b15-8cd8-60e359a33e69/window/maximize HTTP/1.1
06-15-2020 00:15:35 LoggingManagedHttpClientConnection.java DEBUG [Forwarding maximizeCurrentWindow on session fee92b64-ec83-4b15-8cd8-60e359a33e69 to remote] http.headers 136 - http-outgoing-1 >> Content-Type: application/json; charset=utf-8
06-15-2020 00:15:35 LoggingManagedHttpClientConnection.java DEBUG [Forwarding maximizeCurrentWindow on session fee92b64-ec83-4b15-8cd8-60e359a33e69 to remote] http.headers 136 - http-outgoing-1 >> Content-Length: 2
06-15-2020 00:15:35 LoggingManagedHttpClientConnection.java DEBUG [Forwarding maximizeCurrentWindow on session fee92b64-ec83-4b15-8cd8-60e359a33e69 to remote] http.headers 136 - http-outgoing-1 >> Host: localhost:18069
06-15-2020 00:15:35 LoggingManagedHttpClientConnection.java DEBUG [Forwarding maximizeCurrentWindow on session fee92b64-ec83-4b15-8cd8-60e359a33e69 to remote] http.headers 136 - http-outgoing-1 >> Connection: Keep-Alive
06-15-2020 00:15:35 LoggingManagedHttpClientConnection.java DEBUG [Forwarding maximizeCurrentWindow on session fee92b64-ec83-4b15-8cd8-60e359a33e69 to remote] http.headers 136 - http-outgoing-1 >> User-Agent: Apache-HttpClient/4.5.3 (Java/1.8.0_144)
06-15-2020 00:15:35 LoggingManagedHttpClientConnection.java DEBUG [Forwarding maximizeCurrentWindow on session fee92b64-ec83-4b15-8cd8-60e359a33e69 to remote] http.headers 136 - http-outgoing-1 >> Accept-Encoding: gzip,deflate
06-15-2020 00:15:35 Wire.java DEBUG [Forwarding maximizeCurrentWindow on session fee92b64-ec83-4b15-8cd8-60e359a33e69 to remote] http.wire 73 - http-outgoing-1 >> "POST /session/fee92b64-ec83-4b15-8cd8-60e359a33e69/window/maximize HTTP/1.1[\r][\n]"
06-15-2020 00:15:35 Wire.java DEBUG [Forwarding maximizeCurrentWindow on session fee92b64-ec83-4b15-8cd8-60e359a33e69 to remote] http.wire 73 - http-outgoing-1 >> "Content-Type: application/json; charset=utf-8[\r][\n]"
06-15-2020 00:15:35 Wire.java DEBUG [Forwarding maximizeCurrentWindow on session fee92b64-ec83-4b15-8cd8-60e359a33e69 to remote] http.wire 73 - http-outgoing-1 >> "Content-Length: 2[\r][\n]"
06-15-2020 00:15:35 Wire.java DEBUG [Forwarding maximizeCurrentWindow on session fee92b64-ec83-4b15-8cd8-60e359a33e69 to remote] http.wire 73 - http-outgoing-1 >> "Host: localhost:18069[\r][\n]"
06-15-2020 00:15:35 Wire.java DEBUG [Forwarding maximizeCurrentWindow on session fee92b64-ec83-4b15-8cd8-60e359a33e69 to remote] http.wire 73 - http-outgoing-1 >> "Connection: Keep-Alive[\r][\n]"
06-15-2020 00:15:35 Wire.java DEBUG [Forwarding maximizeCurrentWindow on session fee92b64-ec83-4b15-8cd8-60e359a33e69 to remote] http.wire 73 - http-outgoing-1 >> "User-Agent: Apache-HttpClient/4.5.3 (Java/1.8.0_144)[\r][\n]"
06-15-2020 00:15:35 Wire.java DEBUG [Forwarding maximizeCurrentWindow on session fee92b64-ec83-4b15-8cd8-60e359a33e69 to remote] http.wire 73 - http-outgoing-1 >> "Accept-Encoding: gzip,deflate[\r][\n]"
06-15-2020 00:15:35 Wire.java DEBUG [Forwarding maximizeCurrentWindow on session fee92b64-ec83-4b15-8cd8-60e359a33e69 to remote] http.wire 73 - http-outgoing-1 >> "[\r][\n]"
06-15-2020 00:15:35 Wire.java DEBUG [Forwarding maximizeCurrentWindow on session fee92b64-ec83-4b15-8cd8-60e359a33e69 to remote] http.wire 87 - http-outgoing-1 >> "{}"
06-15-2020 00:15:35 Wire.java DEBUG [Forwarding maximizeCurrentWindow on session fee92b64-ec83-4b15-8cd8-60e359a33e69 to remote] http.wire 73 - http-outgoing-1 << "HTTP/1.1 200 OK[\r][\n]"
06-15-2020 00:15:35 Wire.java DEBUG [Forwarding maximizeCurrentWindow on session fee92b64-ec83-4b15-8cd8-60e359a33e69 to remote] http.wire 73 - http-outgoing-1 << "content-type: application/json; charset=utf-8[\r][\n]"
06-15-2020 00:15:35 Wire.java DEBUG [Forwarding maximizeCurrentWindow on session fee92b64-ec83-4b15-8cd8-60e359a33e69 to remote] http.wire 73 - http-outgoing-1 << "cache-control: no-cache[\r][\n]"
06-15-2020 00:15:35 Wire.java DEBUG [Forwarding maximizeCurrentWindow on session fee92b64-ec83-4b15-8cd8-60e359a33e69 to remote] http.wire 73 - http-outgoing-1 << "content-length: 52[\r][\n]"
06-15-2020 00:15:35 Wire.java DEBUG [Forwarding maximizeCurrentWindow on session fee92b64-ec83-4b15-8cd8-60e359a33e69 to remote] http.wire 73 - http-outgoing-1 << "date: Sun, 14 Jun 2020 22:15:35 GMT[\r][\n]"
06-15-2020 00:15:35 Wire.java DEBUG [Forwarding maximizeCurrentWindow on session fee92b64-ec83-4b15-8cd8-60e359a33e69 to remote] http.wire 73 - http-outgoing-1 << "[\r][\n]"
06-15-2020 00:15:35 Wire.java DEBUG [Forwarding maximizeCurrentWindow on session fee92b64-ec83-4b15-8cd8-60e359a33e69 to remote] http.wire 87 - http-outgoing-1 << "{"value":{"x":-8,"y":-8,"width":1936,"height":1056}}"
06-15-2020 00:15:35 LoggingManagedHttpClientConnection.java DEBUG [Forwarding maximizeCurrentWindow on session fee92b64-ec83-4b15-8cd8-60e359a33e69 to remote] http.headers 122 - http-outgoing-1 << HTTP/1.1 200 OK
06-15-2020 00:15:35 LoggingManagedHttpClientConnection.java DEBUG [Forwarding maximizeCurrentWindow on session fee92b64-ec83-4b15-8cd8-60e359a33e69 to remote] http.headers 125 - http-outgoing-1 << content-type: application/json; charset=utf-8
06-15-2020 00:15:35 LoggingManagedHttpClientConnection.java DEBUG [Forwarding maximizeCurrentWindow on session fee92b64-ec83-4b15-8cd8-60e359a33e69 to remote] http.headers 125 - http-outgoing-1 << cache-control: no-cache
06-15-2020 00:15:35 LoggingManagedHttpClientConnection.java DEBUG [Forwarding maximizeCurrentWindow on session fee92b64-ec83-4b15-8cd8-60e359a33e69 to remote] http.headers 125 - http-outgoing-1 << content-length: 52
06-15-2020 00:15:35 LoggingManagedHttpClientConnection.java DEBUG [Forwarding maximizeCurrentWindow on session fee92b64-ec83-4b15-8cd8-60e359a33e69 to remote] http.headers 125 - http-outgoing-1 << date: Sun, 14 Jun 2020 22:15:35 GMT
06-15-2020 00:15:35 MainClientExec.java DEBUG [Forwarding maximizeCurrentWindow on session fee92b64-ec83-4b15-8cd8-60e359a33e69 to remote] execchain.MainClientExec 285 - Connection can be kept alive indefinitely
06-15-2020 00:15:35 PoolingHttpClientConnectionManager.java DEBUG [Forwarding maximizeCurrentWindow on session fee92b64-ec83-4b15-8cd8-60e359a33e69 to remote] conn.PoolingHttpClientConnectionManager 320 - Connection [id: 1][route: {}->http://localhost:18069] can be kept alive indefinitely
06-15-2020 00:15:35 PoolingHttpClientConnectionManager.java DEBUG [Forwarding maximizeCurrentWindow on session fee92b64-ec83-4b15-8cd8-60e359a33e69 to remote] conn.PoolingHttpClientConnectionManager 326 - Connection released: [id: 1][route: {}->http://localhost:18069][total kept alive: 1; route allocated: 1 of 2000; total allocated: 1 of 2000]
]]></system-out>
    <system-err><![CDATA[1592172931640	mozrunner::runner	INFO	Running command: "C:\\Program Files\\Mozilla Firefox\\firefox.exe" "-marionette" "-foreground" "-no-remote" "-profile" "C:\\Users\\mmahran\\AppData\\Local\\Temp\\rust_mozprofileqZfdR7"
1592172932646	addons.webextension.screenshots@mozilla.org	WARN	Loading extension 'screenshots@mozilla.org': Reading manifest: Invalid extension permission: mozillaAddons
1592172932646	addons.webextension.screenshots@mozilla.org	WARN	Loading extension 'screenshots@mozilla.org': Reading manifest: Invalid extension permission: telemetry
1592172932646	addons.webextension.screenshots@mozilla.org	WARN	Loading extension 'screenshots@mozilla.org': Reading manifest: Invalid extension permission: resource://pdf.js/
1592172932647	addons.webextension.screenshots@mozilla.org	WARN	Loading extension 'screenshots@mozilla.org': Reading manifest: Invalid extension permission: about:reader*
JavaScript error: resource://gre/modules/XULStore.jsm, line 66: Error: Can't find profile directory.
1592172934906	Marionette	INFO	Listening on port 4609
Jun 15, 2020 12:15:35 AM org.openqa.selenium.remote.ProtocolHandshake createSession
INFO: Detected dialect: W3C
]]></system-err>
  </testcase>
</testsuite>