<?xml version="1.0" encoding="UTF-8"?>
<!-- Generated by org.testng.reporters.JUnitReportReporter -->
<testsuite hostname="EGY-MMAHRAN-NB3" name="tests.CheckOutTests" tests="2" failures="0" timestamp="14 Jun 2020 22:15:36 GMT" time="20.305" errors="0">
  <testcase name="validateCheckoutProcess" time="10.085" classname="tests.CheckOutTests"/>
  <testcase name="validateCheckoutProcess" time="10.220" classname="tests.CheckOutTests"/>
</testsuite> <!-- tests.CheckOutTests -->
