<?xml version="1.0" encoding="UTF-8"?>
<!-- Generated by org.testng.reporters.JUnitReportReporter -->
<testsuite hostname="EGY-MMAHRAN-NB3" name="tests.MenuTests" tests="2" failures="0" timestamp="9 Jul 2020 03:25:42 GMT" time="17.086" errors="0">
  <testcase name="testCountsOfProductListForEachMainProduct" time="5.363" classname="tests.MenuTests"/>
  <testcase name="testCountsOfProductListForEachMainProduct" time="11.723" classname="tests.MenuTests"/>
</testsuite> <!-- tests.MenuTests -->
